# args=-index 2L_genomic_dmel_RELEASE3-1.FASTA.gz -seed 76 -minlenltr 116 -maxlenltr 800 -mindistltr 2280 -maxdistltr 8773 -similar 91 -mintsd 4 -maxtsd 20 -vic 60 -overlaps best -xdrop 7 -mat 2 -mis -2 -ins -3 -del -3 -v
# user defined options and values:
#   verbosemode: On
#   indexname: 2L_genomic_dmel_RELEASE3-1.FASTA.gz
#   xdropbelowscore: 7
#   similaritythreshold: 91.00
#   minseedlength: 76
#   matchscore: 2
#   mismatchscore: -2
#   insertionscore: -3
#   deletionscore: -3
#   minLTRlength: 116
#   maxLTRlength: 800
#   minLTRdistance: 2280
#   maxLTRdistance: 8773
#   overlaps: best
#   minTSDlength: 4
#   maxTSDlength: 20
#   palindromic motif: 
#   motifmismatchesallowed: 4
#   vicinity: 60 nt
# specialranges of length 60: 1
# specialranges of length 60: 1
# specialranges of length 60: 1
# specialranges of length 60: 1
# predictions are reported in the following way
# s(ret) e(ret) l(ret) s(lLTR) e(lLTR) l(lLTR) s(rLTR) e(rLTR) l(rLTR) sim(LTRs) seq-nr 
# where:
# s = starting position
# e = ending position
# l = length
# ret = LTR-retrotransposon
# lLTR = left LTR
# rLTR = right LTR
# sim = similarity
# seq-nr = sequence number
16491  19454  2964  16491  16628  138  19312  19454  143  95.80  0
13835294  13844386  9093  13835294  13835721  428  13843955  13844386  432  98.61  0
360556  367098  6543  360556  361259  704  366393  367098  706  98.16  0
6428220  6437339  9120  6428220  6428664  445  6436901  6437339  439  95.96  0
22116556  22123207  6652  22116556  22116842  287  22122921  22123207  287  99.30  0
12770728  12778114  7387  12770728  12771386  659  12777456  12778114  659  100.00  0
4173896  4176470  2575  4173896  4174171  276  4176195  4176470  276  100.00  0
21525003  21531415  6413  21525003  21525278  276  21531140  21531415  276  100.00  0
22062543  22067382  4840  22062543  22062706  164  22067216  22067382  167  97.60  0
8586751  8593747  6997  8586751  8587164  414  8593334  8593747  414  100.00  0
16131875  16138871  6997  16131875  16132289  415  16138457  16138871  415  100.00  0
15696864  15705654  8791  15696864  15697522  659  15704996  15705654  659  100.00  0
12056256  12063250  6995  12056256  12056669  414  12062837  12063250  414  100.00  0
2558160  2564170  6011  2558160  2558573  414  2563757  2564170  414  100.00  0
2765222  2771744  6523  2765222  2765635  414  2771331  2771744  414  100.00  0
10869007  10876005  6999  10869007  10869420  414  10875592  10876005  414  100.00  0
15564549  15571543  6995  15564549  15564962  414  15571130  15571543  414  100.00  0
19125508  19132485  6978  19125508  19125921  414  19132072  19132485  414  100.00  0
7969366  7976282  6917  7969366  7969778  413  7975870  7976282  413  100.00  0
6355420  6358284  2865  6355420  6355695  276  6358000  6358284  285  96.84  0
2104735  2112339  7605  2104735  2105252  518  2111822  2112339  518  100.00  0
17122469  17130078  7610  17122469  17122986  518  17129561  17130078  518  100.00  0
19635763  19643371  7609  19635763  19636280  518  19642854  19643371  518  100.00  0
4654449  4661971  7523  4654449  4654966  518  4661454  4661971  518  100.00  0
10585306  10592910  7605  10585306  10585823  518  10592393  10592910  518  100.00  0
3244118  3251625  7508  3244118  3244521  404  3251218  3251625  408  99.02  0
14962537  14970060  7524  14962537  14963054  518  14969543  14970060  518  100.00  0
20710033  20717865  7833  20710033  20710462  430  20717416  20717865  450  95.11  0
12547246  12554316  7071  12547246  12547512  267  12554050  12554316  267  100.00  0
6983718  6990779  7062  6983718  6983983  266  6990514  6990779  266  100.00  0
8715400  8723721  8322  8715400  8715818  419  8723298  8723721  424  98.82  0
13504464  13509712  5249  13504464  13504793  330  13509383  13509712  330  100.00  0
9966190  9973251  7062  9966190  9966458  269  9972986  9973251  266  98.88  0
16490102  16497158  7057  16490102  16490367  266  16496893  16497158  266  100.00  0
20377605  20382635  5031  20377605  20377883  279  20382359  20382635  277  99.28  0
19984005  19989023  5019  19984005  19984275  271  19988751  19989023  273  99.27  0
22102771  22105685  2915  22102771  22102903  133  22105549  22105685  137  95.62  0
21486368  21489616  3249  21486368  21486720  353  21489269  21489616  348  98.30  0
5165913  5172353  6441  5165913  5166527  615  5171742  5172353  612  95.12  0
21899583  21905018  5436  21899583  21900233  651  21904363  21905018  656  96.65  0
9  5201  5193  9  627  619  4581  5201  621  96.94  0
16827059  16831982  4924  16827059  16827383  325  16831664  16831982  319  93.54  0
22209729  22216958  7230  22209729  22210140  412  22216538  22216958  421  96.67  0
21169134  21172059  2926  21169134  21169738  605  21171448  21172059  612  96.41  0
2286663  2291810  5148  2286663  2286939  277  2291534  2291810  277  100.00  0
14782018  14787163  5146  14782018  14782294  277  14786884  14787163  280  98.93  0
11552562  11557708  5147  11552562  11552838  277  11557432  11557708  277  100.00  0
11190074  11193180  3107  11190074  11190381  308  11192895  11193180  286  91.23  0
21010926  21019159  8234  21010926  21011356  431  21018739  21019159  421  96.06  0
22162400  22167444  5045  22162400  22162655  256  22167177  22167444  268  92.16  0
7727086  7733681  6596  7727086  7727530  445  7733234  7733681  448  97.77  0
1680697  1688104  7408  1680697  1681098  402  1687704  1688104  401  98.76  0
15424191  15431601  7411  15424191  15424595  405  15431201  15431601  401  98.02  0
11885846  11889157  3312  11885846  11886024  179  11888986  11889157  172  94.97  0
1221850  1229258  7409  1221850  1222248  399  1228859  1229258  400  99.75  0
11702433  11709843  7411  11702433  11702831  399  11709444  11709843  400  99.75  0
19325624  19333040  7417  19325624  19326024  401  19332639  19333040  402  99.75  0
22148784  22151268  2485  22148784  22148988  205  22151064  22151268  205  97.56  0
14624780  14633885  9106  14624780  14625208  429  14633455  14633885  431  99.30  0
21814828  21823954  9127  21814828  21815279  452  21823492  21823954  463  93.74  0
8992566  9000017  7452  8992566  8992993  428  8999590  9000017  428  100.00  0
688639  697620  8982  688639  689066  428  697193  697620  428  100.00  0
5819975  5828939  8965  5819975  5820419  445  5828500  5828939  440  97.08  0
998437  1007485  9049  998437  998872  436  1007049  1007485  437  98.63  0
19681674  19690752  9079  19681674  19682102  429  19690311  19690752  442  97.06  0
10148770  10156198  7429  10148770  10149189  420  10155776  10156198  423  96.45  0
347941  355396  7456  347941  348364  424  354968  355396  429  97.90  0
20272957  20280368  7412  20272957  20273355  399  20279970  20280368  399  100.00  0
12922775  12930184  7410  12922775  12923173  399  12929786  12930184  399  100.00  0
11529510  11536854  7345  11529510  11530017  508  11536348  11536854  507  99.21  0
21387104  21394152  7049  21387104  21387878  775  21393380  21394152  773  92.52  0
6869040  6875204  6165  6869040  6869311  272  6874938  6875204  267  92.65  0
21317349  21324763  7415  21317349  21317747  399  21324365  21324763  399  100.00  0
20546016  20553426  7411  20546016  20546414  399  20553028  20553426  399  100.00  0
4594321  4601730  7410  4594321  4594788  468  4601268  4601730  463  97.22  0
3195363  3202734  7372  3195363  3195805  443  3202277  3202734  458  96.72  0
8444707  8453819  9113  8444707  8445135  429  8453391  8453819  429  100.00  0
978602  986203  7602  978602  979049  448  985750  986203  454  96.26  0
21430203  21437889  7687  21430203  21430631  429  21437458  21437889  432  98.84  0
10939408  10948564  9157  10939408  10939835  428  10948137  10948564  428  100.00  0
7335612  7342670  7059  7335612  7336049  438  7342242  7342670  429  97.95  0
18030014  18039102  9089  18030014  18030427  414  18038689  18039102  414  100.00  0
3642412  3647556  5145  3642412  3642687  276  3647281  3647556  276  100.00  0
8005900  8011045  5146  8005900  8006175  276  8010770  8011045  276  100.00  0
3065656  3070801  5146  3065656  3065937  282  3070525  3070801  277  98.23  0
20242523  20247666  5144  20242523  20242798  276  20247391  20247666  276  100.00  0
20137093  20142345  5253  20137093  20137368  276  20142068  20142345  278  99.28  0
16119302  16124450  5149  16119302  16119577  276  16124175  16124450  276  100.00  0
22034484  22039627  5144  22034484  22034759  276  22039352  22039627  276  100.00  0
17798061  17803205  5145  17798061  17798335  275  17802931  17803205  275  100.00  0
1802940  1808459  5520  1802940  1803212  273  1808191  1808459  269  97.07  0
