# args=-index 2R_genomic_dmel_RELEASE3-1.FASTA.gz -seed 76 -minlenltr 116 -maxlenltr 800 -mindistltr 2280 -maxdistltr 8773 -similar 91 -mintsd 4 -maxtsd 20 -vic 60 -overlaps best -xdrop 7 -mat 2 -mis -2 -ins -3 -del -3 -v -gff3 chr2R.gff3
# user defined options and values:
#   verbosemode: On
#   indexname: 2R_genomic_dmel_RELEASE3-1.FASTA.gz
#   outputfile gff3 format: chr2R.gff3
#   xdropbelowscore: 7
#   similaritythreshold: 91.00
#   minseedlength: 76
#   matchscore: 2
#   mismatchscore: -2
#   insertionscore: -3
#   deletionscore: -3
#   minLTRlength: 116
#   maxLTRlength: 800
#   minLTRdistance: 2280
#   maxLTRdistance: 8773
#   overlaps: best
#   minTSDlength: 4
#   maxTSDlength: 20
#   palindromic motif: 
#   motifmismatchesallowed: 4
#   vicinity: 60 nt
# predictions are reported in the following way
# s(ret) e(ret) l(ret) s(lLTR) e(lLTR) l(lLTR) s(rLTR) e(rLTR) l(rLTR) sim(LTRs) seq-nr 
# where:
# s = starting position
# e = ending position
# l = length
# ret = LTR-retrotransposon
# lLTR = left LTR
# rLTR = right LTR
# sim = similarity
# seq-nr = sequence number
4826  10135  5310  4826  5331  506  9633  10135  503  96.25  0
188086  195552  7467  188086  188567  482  195071  195552  482  99.79  0
239158  245365  6208  239158  239437  280  245092  245365  274  92.14  0
266143  273692  7550  266143  266379  237  273460  273692  233  95.78  0
301098  308741  7644  301098  301323  226  308528  308741  214  92.48  0
356622  361768  5147  356622  356899  278  361491  361768  278  100.00  0
366653  371726  5074  366653  366915  263  371462  371726  265  96.98  0
425104  429516  4413  425104  425327  224  429305  429516  212  92.41  0
506357  511526  5170  506357  506625  269  511252  511526  275  96.00  0
518927  526535  7609  518927  519444  518  526018  526535  518  100.00  0
556920  559494  2575  556920  557195  276  559219  559494  276  100.00  0
682116  686142  4027  682116  682538  423  685722  686142  421  98.58  0
708399  711162  2764  708399  708629  231  710940  711162  223  94.37  0
724479  731637  7159  724479  725072  594  731058  731637  580  97.64  0
760992  766465  5474  760992  761291  300  766166  766465  300  99.33  0
1008203  1013221  5019  1008203  1008473  271  1012948  1013221  274  98.91  0
1041084  1048582  7499  1041084  1041595  512  1048071  1048582  512  100.00  0
1436912  1445132  8221  1436912  1437215  304  1444828  1445132  305  98.03  0
1468780  1476155  7376  1468780  1469209  430  1475726  1476155  430  100.00  0
1500141  1507997  7857  1500141  1500436  296  1507706  1507997  292  98.31  0
1516938  1522046  5109  1516938  1517218  281  1521763  1522046  284  95.42  0
1531729  1537191  5463  1531729  1532035  307  1536893  1537191  299  96.09  0
1640731  1645759  5029  1640731  1641007  277  1645482  1645759  278  98.92  0
2013123  2020645  7523  2013123  2013640  518  2020128  2020645  518  100.00  0
2270798  2278487  7690  2270798  2271226  429  2278059  2278487  429  99.30  0
2323144  2330138  6995  2323144  2323557  414  2329725  2330138  414  100.00  0
2876628  2883039  6412  2876628  2876903  276  2882764  2883039  276  100.00  0
2923216  2928246  5031  2923216  2923493  278  2927969  2928246  278  100.00  0
3167792  3174314  6523  3167792  3168205  414  3173901  3174314  414  100.00  0
3770450  3774833  4384  3770450  3771127  678  3774155  3774833  679  93.81  0
3838713  3844846  6134  3838713  3838958  246  3844596  3844846  251  98.01  0
4212104  4218516  6413  4212104  4212379  276  4218241  4218516  276  100.00  0
4413027  4422002  8976  4413027  4413455  429  4421573  4422002  430  99.77  0
4787302  4794795  7494  4787302  4787813  512  4794284  4794795  512  99.61  0
5237567  5246676  9110  5237567  5237995  429  5246248  5246676  429  99.77  0
5646244  5654773  8530  5646244  5646663  420  5654350  5654773  424  99.06  0
5690401  5697885  7485  5690401  5690846  446  5697443  5697885  443  97.53  0
5723980  5731384  7405  5723980  5724421  442  5730942  5731384  443  99.77  0
6012812  6020305  7494  6012812  6013323  512  6019794  6020305  512  100.00  0
6074591  6083714  9124  6074591  6075026  436  6083279  6083714  436  99.31  0
6362403  6366666  4264  6362403  6362678  276  6366389  6366666  278  99.28  0
6409536  6414587  5052  6409536  6409825  290  6414300  6414587  288  92.07  0
6480396  6483381  2986  6480396  6480800  405  6482973  6483381  409  98.53  0
7681253  7689029  7777  7681253  7681661  409  7688604  7689029  426  93.43  0
7772283  7780591  8309  7772283  7772711  429  7780159  7780591  433  99.08  0
7854063  7862368  8306  7854063  7854491  429  7861930  7862368  439  97.72  0
7920650  7927033  6384  7920650  7920791  142  7926903  7927033  131  91.55  0
7927044  7932268  5225  7927044  7927535  492  7931781  7932268  488  98.78  0
8474516  8480030  5515  8474516  8475305  790  8479233  8480030  798  97.12  0
8792903  8800502  7600  8792903  8793419  517  8799986  8800502  517  100.00  0
9166504  9173553  7050  9166504  9166769  266  9173288  9173553  266  100.00  0
9255251  9258983  3733  9255251  9256022  772  9258209  9258983  775  93.16  0
9531070  9540172  9103  9531070  9531511  442  9539737  9540172  436  98.19  0
9952991  9961541  8551  9952991  9953315  325  9961217  9961541  325  98.15  0
10079234  10086607  7374  10079234  10079680  447  10086150  10086607  458  97.38  0
10148759  10155750  6992  10148759  10149172  414  10155337  10155750  414  100.00  0
10183098  10191521  8424  10183098  10183519  422  10191104  10191521  418  98.58  0
10404449  10413008  8560  10404449  10404894  446  10412568  10413008  441  95.96  0
11033709  11038509  4801  11033709  11034223  515  11037993  11038509  517  91.88  0
11125508  11128083  2576  11125508  11125783  276  11127808  11128083  276  100.00  0
11603418  11608568  5151  11603418  11603693  276  11608293  11608568  276  100.00  0
12240135  12246266  6132  12240135  12240379  245  12246022  12246266  245  99.18  0
12300288  12305434  5147  12300288  12300564  277  12305156  12305434  279  99.28  0
13425878  13434970  9093  13425878  13426309  432  13434541  13434970  430  98.84  0
13551596  13559008  7413  13551596  13551999  404  13558606  13559008  403  98.76  0
13639573  13645702  6130  13639573  13639933  361  13645342  13645702  361  100.00  0
13654645  13663756  9112  13654645  13655084  440  13663308  13663756  449  96.88  0
14779631  14787042  7412  14779631  14780031  401  14786641  14787042  402  98.76  0
14793614  14797008  3395  14793614  14794003  390  14796622  14797008  387  98.46  0
14798083  14802538  4456  14798083  14798485  403  14802134  14802538  405  95.80  0
14803911  14808763  4853  14803911  14804708  798  14807967  14808763  797  99.25  0
14811014  14816895  5882  14811014  14811397  384  14816512  14816895  384  99.48  0
14822494  14826916  4423  14822494  14823214  721  14826195  14826916  722  98.89  0
14978613  14985967  7355  14978613  14979054  442  14985526  14985967  442  100.00  0
15021193  15026348  5156  15021193  15021485  293  15026062  15026348  287  97.27  0
15432278  15441383  9106  15432278  15432706  429  15440953  15441383  431  99.30  0
16781884  16790985  9102  16781884  16782311  428  16790558  16790985  428  99.77  0
16853130  16861312  8183  16853130  16853558  429  16860875  16861312  438  97.72  0
17624012  17630134  6123  17624012  17624243  232  17629905  17630134  230  96.12  0
18002402  18007432  5031  18002402  18002679  278  18007155  18007432  278  100.00  0
18446233  18451251  5019  18446233  18446504  272  18450979  18451251  273  98.90  0
18573183  18580716  7534  18573183  18573677  495  18580212  18580716  505  97.43  0
18957922  18965488  7567  18957922  18958435  514  18964975  18965488  514  100.00  0
19190657  19198221  7565  19190657  19191184  528  19197691  19198221  531  96.23  0
19220859  19228286  7428  19220859  19221351  493  19227805  19228286  482  97.36  0
19397052  19405356  8305  19397052  19397483  432  19404927  19405356  430  98.84  0
19691162  19698708  7547  19691162  19691695  534  19698190  19698708  519  94.94  0
19771507  19778959  7453  19771507  19771948  442  19778513  19778959  447  98.88  0
20186258  20194362  8105  20186258  20186622  365  20193998  20194362  365  97.81  0
