# args=-index X_genomic_dmel_RELEASE3-1.FASTA.gz -seed 76 -minlenltr 116 -maxlenltr 800 -mindistltr 2280 -maxdistltr 8773 -similar 91 -mintsd 4 -maxtsd 20 -vic 60 -overlaps best -xdrop 7 -mat 2 -mis -2 -ins -3 -del -3 -v
# user defined options and values:
#   verbosemode: On
#   indexname: X_genomic_dmel_RELEASE3-1.FASTA.gz
#   xdropbelowscore: 7
#   similaritythreshold: 91.00
#   minseedlength: 76
#   matchscore: 2
#   mismatchscore: -2
#   insertionscore: -3
#   deletionscore: -3
#   minLTRlength: 116
#   maxLTRlength: 800
#   minLTRdistance: 2280
#   maxLTRdistance: 8773
#   overlaps: best
#   minTSDlength: 4
#   maxTSDlength: 20
#   palindromic motif: 
#   motifmismatchesallowed: 4
#   vicinity: 60 nt
# predictions are reported in the following way
# s(ret) e(ret) l(ret) s(lLTR) e(lLTR) l(lLTR) s(rLTR) e(rLTR) l(rLTR) sim(LTRs) seq-nr 
# where:
# s = starting position
# e = ending position
# l = length
# ret = LTR-retrotransposon
# lLTR = left LTR
# rLTR = right LTR
# sim = similarity
# seq-nr = sequence number
11328172  11333521  5350  11328172  11328430  259  11333262  11333521  260  98.46  0
7920541  7923378  2838  7920541  7921025  485  7922879  7923378  500  91.40  0
19729430  19732992  3563  19729430  19729843  414  19732580  19732992  413  99.76  0
13835738  13844829  9092  13835738  13836166  429  13844401  13844829  429  99.30  0
15746118  15751064  4947  15746118  15746695  578  15750486  15751064  579  98.45  0
238199  241763  3565  238199  238680  482  241287  241763  477  93.57  0
12525408  12528636  3229  12525408  12526117  710  12527932  12528636  705  93.94  0
9835126  9841000  5875  9835126  9835539  414  9840587  9841000  414  99.76  0
2976997  2986093  9097  2976997  2977428  432  2985660  2986093  434  99.54  0
19168285  19175746  7462  19168285  19168861  577  19175170  19175746  577  100.00  0
10936423  10943786  7364  10936423  10936853  431  10943357  10943786  430  99.77  0
1384801  1392211  7411  1384801  1385297  497  1391717  1392211  495  99.60  0
4836944  4844451  7508  4836944  4837347  404  4844048  4844451  404  100.00  0
5912014  5919389  7376  5912014  5912672  659  5918731  5919389  659  100.00  0
6345907  6348871  2965  6345907  6346182  276  6348596  6348871  276  100.00  0
11277035  11283447  6413  11277035  11277310  276  11283172  11283447  276  100.00  0
15780612  15788501  7890  15780612  15781375  764  15787739  15788501  763  94.63  0
15771121  15774723  3603  15771121  15771676  556  15774168  15774723  556  94.24  0
3534056  3542851  8796  3534056  3534815  760  3542101  3542851  751  96.97  0
5938232  5942701  4470  5938232  5938791  560  5942123  5942701  579  91.71  0
21216207  21222717  6511  21216207  21216637  431  21222288  21222717  430  99.07  0
15953842  15962148  8307  15953842  15954279  438  15961703  15962148  446  96.64  0
10007266  10016357  9092  10007266  10007693  428  10015930  10016357  428  99.53  0
19891626  19900289  8664  19891626  19892417  792  19899493  19900289  797  98.49  0
13777765  13784862  7098  13777765  13778554  790  13784071  13784862  792  97.60  0
19867312  19875256  7945  19867312  19868103  792  19874473  19875256  784  97.22  0
13888307  13893906  5600  13888307  13888720  414  13893493  13893906  414  100.00  0
6185734  6191434  5701  6185734  6186147  414  6191021  6191434  414  100.00  0
21704906  21708139  3234  21704906  21705319  414  21707726  21708139  414  100.00  0
9537562  9544556  6995  9537562  9537975  414  9544143  9544556  414  100.00  0
5130431  5133477  3047  5130431  5130844  414  5133064  5133477  414  100.00  0
11367948  11374960  7013  11367948  11368361  414  11374547  11374960  414  100.00  0
17624611  17627339  2729  17624611  17625024  414  17626926  17627339  414  100.00  0
14765161  14772630  7470  14765161  14765527  367  14772264  14772630  367  99.73  0
18160508  18165761  5254  18160508  18160838  331  18165431  18165761  331  100.00  0
2834127  2839375  5249  2834127  2834456  330  2839046  2839375  330  100.00  0
14035151  14041304  6154  14035151  14035662  512  14040793  14041304  512  100.00  0
10265386  10272381  6996  10265386  10265799  414  10271968  10272381  414  100.00  0
3898563  3905540  6978  3898563  3898976  414  3905127  3905540  414  100.00  0
21553887  21560097  6211  21553887  21554300  414  21559684  21560097  414  100.00  0
18485351  18488958  3608  18485351  18485765  415  18488544  18488958  415  100.00  0
569759  575332  5574  569759  570159  401  574932  575332  401  100.00  0
1687364  1694877  7514  1687364  1687880  517  1694361  1694877  517  100.00  0
14282713  14290314  7602  14282713  14283229  517  14289798  14290314  517  100.00  0
10088759  10096269  7511  10088759  10089165  407  10095864  10096269  406  99.75  0
2936961  2944566  7606  2936961  2937477  517  2944050  2944566  517  100.00  0
6303248  6311674  8427  6303248  6303666  419  6311251  6311674  424  98.82  0
2065620  2074145  8526  2065620  2066037  418  2073720  2074145  426  97.65  0
16844763  16850332  5570  16844763  16845180  418  16849906  16850332  427  97.19  0
12661293  12668349  7057  12661293  12661558  266  12668084  12668349  266  100.00  0
2367212  2374271  7060  2367212  2367472  261  2374012  2374271  260  98.08  0
21614882  21622282  7401  21614882  21615213  332  21621951  21622282  332  99.70  0
10837992  10845036  7045  10837992  10838257  266  10844771  10845036  266  100.00  0
20768076  20772320  4245  20768076  20768608  533  20771791  20772320  530  97.56  0
3500534  3508390  7857  3500534  3500707  174  3508215  3508390  176  94.89  0
20345568  20348956  3389  20345568  20346126  559  20348405  20348956  552  92.31  0
17523964  17527208  3245  17523964  17524242  279  17526929  17527208  280  99.64  0
75965  80993  5029  75965  76240  276  80716  80993  278  99.28  0
10926244  10931264  5021  10926244  10926516  273  10930992  10931264  273  100.00  0
16926217  16931250  5034  16926217  16926495  279  16930970  16931250  281  99.29  0
21267554  21270552  2999  21267554  21267973  420  21270128  21270552  425  98.35  0
585092  592827  7736  585092  585521  430  592392  592827  436  98.62  0
8687798  8695250  7453  8687798  8688226  429  8694817  8695250  434  98.85  0
5682644  5685921  3278  5682644  5682856  213  5685711  5685921  211  93.90  0
10426366  10431444  5079  10426366  10426793  428  10431017  10431444  428  99.53  0
19645462  19649188  3727  19645462  19645753  292  19648890  19649188  299  97.66  0
4368320  4372923  4604  4368320  4368914  595  4372309  4372923  615  94.80  0
12112587  12116431  3845  12112587  12112861  275  12116154  12116431  278  98.92  0
3727534  3735109  7576  3727534  3728054  521  3734594  3735109  516  98.27  0
8195885  8205310  9426  8195885  8196563  679  8204633  8205310  678  95.73  0
1196255  1200902  4648  1196255  1197014  760  1200137  1200902  766  93.21  0
11229558  11232420  2863  11229558  11230111  554  11231865  11232420  556  94.42  0
9008178  9011889  3712  9008178  9008802  625  9011269  9011889  621  92.16  0
8996141  9000216  4076  8996141  8996613  473  8999738  9000216  479  96.87  0
7553164  7560617  7454  7553164  7553831  668  7559961  7560617  657  93.26  0
21341784  21346126  4343  21341784  21342071  288  21345840  21346126  287  94.10  0
19883110  19891575  8466  19883110  19883901  792  19890789  19891575  787  96.46  0
14549833  14554979  5147  14549833  14550109  277  14554698  14554979  282  98.23  0
4025130  4030275  5146  4025130  4025406  277  4029999  4030275  277  100.00  0
3360620  3365055  4436  3360620  3361163  544  3364515  3365055  541  99.45  0
13526275  13529955  3681  13526275  13526581  307  13529647  13529955  309  94.50  0
3173512  3179639  6128  3173512  3173873  362  3179277  3179639  363  98.90  0
18511822  18517040  5219  18511822  18512108  287  18516744  18517040  297  94.61  0
6693984  6697557  3574  6693984  6694688  705  6696854  6697557  704  98.87  0
6018693  6023107  4415  6018693  6019124  432  6022672  6023107  436  92.43  0
13194359  13199878  5520  13194359  13194627  269  13199610  13199878  269  98.51  0
53334  60920  7587  53334  53855  522  60393  60920  528  97.54  0
21349948  21355328  5381  21349948  21350244  297  21355022  21355328  307  95.44  0
4673395  4676445  3051  4673395  4673574  180  4676265  4676445  181  93.92  0
15526997  15530553  3557  15526997  15527443  447  15530130  15530553  424  92.17  0
2580605  2589125  8521  2580605  2581065  461  2588677  2589125  449  95.23  0
18688065  18696684  8620  18688065  18688510  446  18696250  18696684  435  96.86  0
16071742  16080841  9100  16071742  16072169  428  16080414  16080841  428  100.00  0
1493938  1503044  9107  1493938  1494365  428  1502617  1503044  428  100.00  0
3251583  3260684  9102  3251583  3252011  429  3260254  3260684  431  99.30  0
4730713  4737868  7156  4730713  4731140  428  4737441  4737868  428  100.00  0
21208527  21215941  7415  21208527  21208931  405  21215532  21215941  410  96.59  0
1711713  1719595  7883  1711713  1712142  430  1719159  1719595  437  95.65  0
19528363  19535618  7256  19528363  19528769  407  19535212  19535618  407  100.00  0
11054036  11061353  7318  11054036  11054484  449  11060909  11061353  445  96.88  0
21313062  21320687  7626  21313062  21313633  572  21320116  21320687  572  100.00  0
6764032  6771364  7333  6764032  6764536  505  6770859  6771364  506  99.80  0
4568636  4575949  7314  4568636  4569066  431  4575519  4575949  431  100.00  0
13731779  13737765  5987  13731779  13732027  249  13737518  13737765  248  97.59  0
9878179  9885604  7426  9878179  9878659  481  9885134  9885604  471  95.84  0
18867567  18874428  6862  18867567  18868047  481  18873948  18874428  481  100.00  0
308911  316421  7511  308911  309398  488  315927  316421  495  98.18  0
5264804  5269026  4223  5264804  5265228  425  5268592  5269026  435  95.86  0
790844  798419  7576  790844  791362  519  797899  798419  521  98.85  0
2601736  2609105  7370  2601736  2602204  469  2608637  2609105  469  94.67  0
4662360  4666079  3720  4662360  4662988  629  4665448  4666079  632  95.57  0
14667929  14677127  9199  14667929  14668356  428  14676700  14677127  428  100.00  0
20509196  20516740  7545  20509196  20509631  436  20516313  20516740  428  97.71  0
2156665  2164960  8296  2156665  2157097  433  2164532  2164960  429  99.08  0
6865677  6874778  9102  6865677  6866113  437  6874350  6874778  429  97.71  0
821249  829984  8736  821249  821677  429  829556  829984  429  99.53  0
13761465  13765993  4529  13761465  13761740  276  13765718  13765993  276  100.00  0
5667526  5672673  5148  5667526  5667802  277  5672396  5672673  278  99.64  0
185918  192048  6131  185918  186290  373  191678  192048  371  95.44  0
16540517  16543684  3168  16540517  16540748  232  16543447  16543684  238  96.64  0
16223721  16229240  5520  16223721  16223988  268  16228974  16229240  267  99.63  0
12906133  12913389  7257  12906133  12906876  744  12912618  12913389  772  95.85  0
