# args=-index chr08.19960731.fsa.gz -seed 100 -minlenltr 100 -maxlenltr 1000 -mindistltr 1500 -maxdistltr 15000 -similar 80 -mintsd 5 -maxtsd 20 -motif tgca -motifmis 0 -vic 60 -overlaps best -xdrop 5 -mat 2 -mis -2 -ins -3 -del -3 -v -gff3 chr08.gff3 -out chr08.fas -outinner chr08_inner.fas
# user defined options and values:
#   verbosemode: On
#   indexname: chr08.19960731.fsa.gz
#   outputfile: chr08.fas
#   outputfile inner region: chr08_inner.fas
#   outputfile gff3 format: chr08.gff3
#   xdropbelowscore: 5
#   similaritythreshold: 80.00
#   minseedlength: 100
#   matchscore: 2
#   mismatchscore: -2
#   insertionscore: -3
#   deletionscore: -3
#   minLTRlength: 100
#   maxLTRlength: 1000
#   minLTRdistance: 1500
#   maxLTRdistance: 15000
#   overlaps: best
#   minTSDlength: 5
#   maxTSDlength: 20
#   palindromic motif: tgca
#   motifmismatchesallowed: 0
#   vicinity: 60 nt
# predictions are reported in the following way
# s(ret) e(ret) l(ret) s(lLTR) e(lLTR) l(lLTR) s(rLTR) e(rLTR) l(rLTR) sim(LTRs) seq-nr 
# where:
# s = starting position
# e = ending position
# l = length
# ret = LTR-retrotransposon
# lLTR = left LTR
# rLTR = right LTR
# sim = similarity
# seq-nr = sequence number
85534  91756  6223  85534  85904  371  91386  91756  371  98.65  0
543605  549632  6028  543605  543936  332  549301  549632  332  99.70  0
