# args=-longoutput -index chr16.19960731.fsa.gz -seed 100 -minlenltr 100 -maxlenltr 1000 -mindistltr 1500 -maxdistltr 15000 -similar 80 -mintsd 5 -maxtsd 20 -motif tgca -motifmis 0 -vic 60 -overlaps best -xdrop 5 -mat 2 -mis -2 -ins -3 -del -3 -v -gff3 chr16.gff3 -out chr16.fas -outinner chr16_inner.fas
# user defined options and values:
#   verbosemode: On
#   indexname: chr16.19960731.fsa.gz
#   outputfile: chr16.fas
#   outputfile inner region: chr16_inner.fas
#   outputfile gff3 format: chr16.gff3
#   xdropbelowscore: 5
#   similaritythreshold: 80.00
#   minseedlength: 100
#   matchscore: 2
#   mismatchscore: -2
#   insertionscore: -3
#   deletionscore: -3
#   minLTRlength: 100
#   maxLTRlength: 1000
#   minLTRdistance: 1500
#   maxLTRdistance: 15000
#   overlaps: best
#   minTSDlength: 5
#   maxTSDlength: 20
#   palindromic motif: tgca
#   motifmismatchesallowed: 0
#   vicinity: 60 nt
# predictions are reported in the following way
# s(ret) e(ret) l(ret) s(lLTR) e(lLTR) l(lLTR) TSD l(TSD) m(lLTR) s(rLTR) e(rLTR) l(rLTR) TSD l(TSD) m(rLTR) sim(LTRs) seq-nr
# where:
# s = starting position
# e = ending position
# l = length
# m = motif
# ret = LTR-retrotransposon
# lLTR = left LTR
# rLTR = right LTR
# TSD = target site duplication
# sim = similarity
# seq-nr = sequence number
56452  62375  5924  56452  56788  337  gttat  5  tg..ca  62039  62375  337  gttat  5  tg..ca  100.00  0
436885  443107  6223  436885  437255  371  atcaa  5  tg..ca  442737  443107  371  atcaa  5  tg..ca  100.00  0
804640  810557  5918  804640  804973  334  aatta  5  tg..ca  810224  810557  334  aatta  5  tg..ca  100.00  0
844407  850335  5929  844407  844744  338  gaaat  5  tg..ca  849998  850335  338  gaaat  5  tg..ca  100.00  0
850624  856549  5926  850624  850961  338  caaaa  5  tg..ca  856212  856549  338  caaaa  5  tg..ca  99.11  0
