# args=-index chr14.19970727.fsa.gz -seed 100 -minlenltr 100 -maxlenltr 1000 -mindistltr 1500 -maxdistltr 15000 -similar 80 -mintsd 5 -maxtsd 20 -motif tgca -motifmis 0 -vic 60 -overlaps best -xdrop 5 -mat 2 -mis -2 -ins -3 -del -3 -v -gff3 chr14.gff3 -out chr14.fas -outinner chr14_inner.fas
# user defined options and values:
#   verbosemode: On
#   indexname: chr14.19970727.fsa.gz
#   outputfile: chr14.fas
#   outputfile inner region: chr14_inner.fas
#   outputfile gff3 format: chr14.gff3
#   xdropbelowscore: 5
#   similaritythreshold: 80.00
#   minseedlength: 100
#   matchscore: 2
#   mismatchscore: -2
#   insertionscore: -3
#   deletionscore: -3
#   minLTRlength: 100
#   maxLTRlength: 1000
#   minLTRdistance: 1500
#   maxLTRdistance: 15000
#   overlaps: best
#   minTSDlength: 5
#   maxTSDlength: 20
#   palindromic motif: tgca
#   motifmismatchesallowed: 0
#   vicinity: 60 nt
# predictions are reported in the following way
# s(ret) e(ret) l(ret) s(lLTR) e(lLTR) l(lLTR) s(rLTR) e(rLTR) l(rLTR) sim(LTRs) seq-nr 
# where:
# s = starting position
# e = ending position
# l = length
# ret = LTR-retrotransposon
# lLTR = left LTR
# rLTR = right LTR
# sim = similarity
# seq-nr = sequence number
96608  102521  5914  96608  96939  332  102190  102521  332  100.00  0
519161  525060  5900  519161  519494  334  524727  525060  334  100.00  0
562031  567990  5960  562031  562362  332  567658  567990  333  99.40  0
