# args=-index chr12.19970730.fsa.gz -seed 100 -minlenltr 100 -maxlenltr 1000 -mindistltr 1500 -maxdistltr 15000 -similar 80 -mintsd 5 -maxtsd 20 -motif tgca -motifmis 0 -vic 60 -overlaps best -xdrop 5 -mat 2 -mis -2 -ins -3 -del -3 -v -gff3 chr12.gff3 -out chr12.fas -outinner chr12_inner.fas
# user defined options and values:
#   verbosemode: On
#   indexname: chr12.19970730.fsa.gz
#   outputfile: chr12.fas
#   outputfile inner region: chr12_inner.fas
#   outputfile gff3 format: chr12.gff3
#   xdropbelowscore: 5
#   similaritythreshold: 80.00
#   minseedlength: 100
#   matchscore: 2
#   mismatchscore: -2
#   insertionscore: -3
#   deletionscore: -3
#   minLTRlength: 100
#   maxLTRlength: 1000
#   minLTRdistance: 1500
#   maxLTRdistance: 15000
#   overlaps: best
#   minTSDlength: 5
#   maxTSDlength: 20
#   palindromic motif: tgca
#   motifmismatchesallowed: 0
#   vicinity: 60 nt
# predictions are reported in the following way
# s(ret) e(ret) l(ret) s(lLTR) e(lLTR) l(lLTR) s(rLTR) e(rLTR) l(rLTR) sim(LTRs) seq-nr 
# where:
# s = starting position
# e = ending position
# l = length
# ret = LTR-retrotransposon
# lLTR = left LTR
# rLTR = right LTR
# sim = similarity
# seq-nr = sequence number
215081  221006  5926  215081  215427  347  220669  221006  338  97.12  0
475975  481898  5924  475975  476311  337  481562  481898  337  100.00  0
593145  599062  5918  593145  593478  334  598695  599062  368  90.22  0
650824  656743  5920  650824  651157  334  656401  656743  343  96.21  0
941187  947145  5959  941187  941518  332  946814  947145  332  100.00  0
